[05 12 YYYY] Attempt to connect to the server ...
[05 12 YYYY] Attempt to connect to the server ...
Stopping ftp connection
[05 12 YYYY] Attempt to connect to the server ...
Stopping ftp connection
Attempt to connect to the server ...
[05 12 YYYY] Attempt to connect to the server ...
Stopping ftp connection
Attempt to connect to the server ...
Connected from the server
[05 12 YYYY] Attempt to connect to the server ...
Stopping ftp connection
Attempt to connect to the server ...
Connected from the server
Stopping ftp connection
[12/05/YY] Attempt to connect to the server ...
[12/05/YY] Attempt to connect to the server ...
Stopping ftp connection
[12/05/2013] Attempt to connect to the server ...
[12/05/2013] Attempt to connect to the server ...
Connected from the server
[12/05/2013 10:27:22:927927] Attempt to connect to the server ...
[12/05/2013 10:27:58] Attempt to connect to the server ...
[12/05/2013 10:28:02] Attempt to connect to the server ...
Connected from the server
[12/05/2013 11:01:41] Attempt to connect to the server ...
[12/05/2013 11:01:43] Attempt to connect to the server ...
Stopping ftp connection
[12/05/2013 11:03:09] Attempt to connect to the server ...
[12/05/2013 11:03:13] Attempt to connect to the server ...
Connected from the server
[12/05/2013 17:51:42] Attempt to connect to the server ...
[12/05/2013 17:51:47] Attempt to connect to the server ...
Connected from the server
[12/05/2013 17:51:48] Attempt to connect to the server ...
[12/05/2013 17:52:54] Attempt to connect to the server ...
[12/05/2013 17:52:58] Attempt to connect to the server ...
Connected from the server
[12/05/2013 17:53:03] Attempt to connect to the server ...
[12/05/2013 17:53:37] Attempt to connect to the server ...
Downloading ...
[12/05/2013 17:53:38] Attempt to connect to the server ...
Downloading ...
Downloaded to current directory
[12/05/2013 17:53:49] Attempt to connect to the server ...
Downloading ...
Downloaded to current directory
Downloading ...
[12/05/2013 17:53:50] Attempt to connect to the server ...
Downloading ...
Downloaded to current directory
Downloading ...
Downloaded to current directory
[12/05/2013 17:54:09] Attempt to connect to the server ...
Downloading ...
Downloaded to current directory
Downloading ...
[12/05/2013 17:54:49] Attempt to connect to the server ...
[12/05/2013 17:54:53] Attempt to connect to the server ...
Connected from the server
[12/05/2013 17:54:57] Attempt to connect to the server ...
[12/05/2013 17:56:28] Attempt to connect to the server ...
[12/05/2013 17:56:32] Attempt to connect to the server ...
Connected from the server
[12/05/2013 17:57:21] Attempt to connect to the server ...
[12/05/2013 17:57:25] Attempt to connect to the server ...
Connected from the server
[12/05/2013 17:57:41] Attempt to connect to the server ...
Connected from the server
Downloading ...
[12/05/2013 17:57:42] Attempt to connect to the server ...
Connected from the server
Downloading ...
Downloaded to current directory
[12/05/2013 18:07:31] Attempt to connect to the server ...
[12/05/2013 18:07:35] Attempt to connect to the server ...
Connected from the server
[12/05/2013 18:09:01] Attempt to connect to the server ...
[12/05/2013 18:09:05] Attempt to connect to the server ...
Connected from the server
[12/05/2013 18:09:25] Attempt to connect to the server ...
Connected from the server
Downloading ...
[12/05/2013 18:09:25] Attempt to connect to the server ...
Connected from the server
Downloading ...
Downloaded to current directory
[12/05/2013 18:16:01] Attempt to connect to the server ...
[12/05/2013 18:16:06] Attempt to connect to the server ...
Connected from the server
[12/05/2013 19:11:09] Attempt to connect to the server ...
[12/05/2013 19:11:13] Attempt to connect to the server ...
Connected from the server
[12/05/2013 19:11:35] Attempt to connect to the server ...
[12/05/2013 19:11:36] Attempt to connect to the server ...
Connected from the server
[12/05/2013 19:11:47] Attempt to connect to the server ...
[12/05/2013 19:11:48] Attempt to connect to the server ...
Connected from the server
[12/05/2013 19:12:48] Attempt to connect to the server ...
[12/05/2013 19:13:55] Attempt to connect to the server ...
[12/05/2013 19:14:00] Attempt to connect to the server ...
[12/05/2013 19:14:01] Attempt to connect to the server ...
Connected from the server
[12/05/2013 19:14:13] Attempt to connect to the server ...
[12/05/2013 19:18:39] Attempt to connect to the server ...
[12/05/2013 19:18:44] Attempt to connect to the server ...
Connected from the server
[12/05/2013 19:19:25] Attempt to connect to the server ...
[12/05/2013 19:19:26] Attempt to connect to the server ...
Connected from the server
[12/05/2013 19:20:20] Attempt to connect to the server ...
[12/05/2013 19:20:47] Attempt to connect to the server ...
[12/05/2013 19:20:51] Attempt to connect to the server ...
Connected from the server
[12/05/2013 19:21:13] Attempt to connect to the server ...
[12/05/2013 19:21:14] Attempt to connect to the server ...
Connected from the server
[12/05/2013 19:22:51] Attempt to connect to the server ...
[12/05/2013 20:26:25] Attempt to connect to the server ...
[12/05/2013 20:26:51] Attempt to connect to the server ...
[12/05/2013 20:28:22] Attempt to connect to the server ...
[12/05/2013 20:28:22] Attempt to connect to the server ...
Unabled to connect to the server
[12/05/2013 20:34:09] Attempt to connect to the server ...
[12/05/2013 20:34:09] Attempt to connect to the server ...
Unabled to connect to the server
[12/05/2013 20:36:26] Attempt to connect to the server ...
[12/05/2013 20:36:26] Attempt to connect to the server ...
Unabled to connect to the server
[12/05/2013 20:36:39] Attempt to connect to the server ...
[12/05/2013 20:36:39] Attempt to connect to the server ...
Unabled to connect to the server
[13/05/2013 17:34:55] Attempt to connect to the server ...
[13/05/2013 19:29:36] Attempt to connect to the server ...
[13/05/2013 19:29:41] Attempt to connect to the server ...
Connected from the server
[13/05/2013 19:30:12] Attempt to connect to the server ...
Connected from the server
Stopping ftp connection
