[17/05/2013 23:05:40] Attempt to connect to the server ...
[17/05/2013 23:05:54] Attempt to connect to the server ...
Unabled to connect to the server
[17/05/2013 23:06:12] Attempt to connect to the server ...
Unabled to connect to the server
Stopping ftp connection
[17/05/2013 23:06:13] Attempt to connect to the server ...
Unabled to connect to the server
Stopping ftp connection
Attempt to connect to the server ...
[17/05/2013 23:06:16] Attempt to connect to the server ...
Unabled to connect to the server
Stopping ftp connection
Attempt to connect to the server ...
Connected from the server
[17/05/2013 23:07:56] Attempt to connect to the server ...
Unabled to connect to the server
Stopping ftp connection
Attempt to connect to the server ...
Connected from the server
Stopping ftp connection
[17/05/2013 23:17:29] Attempt to connect to the server ...
[17/05/2013 23:17:39] Attempt to connect to the server ...
Stopping ftp connection
[17/05/2013 23:17:42] Attempt to connect to the server ...
[17/05/2013 23:17:45] Attempt to connect to the server ...
Connected from the server
[17/05/2013 23:17:51] Attempt to connect to the server ...
[17/05/2013 23:17:52] Attempt to connect to the server ...
Connected from the server
